<?xml version="1.0" encoding="UTF-8"?>
<!-- Generated by org.testng.reporters.JUnitReportReporter -->
<testsuite hostname="LTIN679173" failures="0" tests="2" name="testng_sessions.TrainingSupport" time="2.654" errors="0" timestamp="2025-10-06T11:26:19 IST" skipped="0">
  <testcase classname="testng_sessions.TrainingSupport" name="clickOnDropdown" time="0.445"/>
  <testcase classname="testng_sessions.TrainingSupport" name="openLogin" time="2.209"/>
</testsuite> <!-- testng_sessions.TrainingSupport -->
