<?xml version="1.0" encoding="UTF-8"?>
<!-- Generated by org.testng.reporters.JUnitReportReporter -->
<testsuite hostname="LTIN679173" failures="0" tests="1" name="com.session.WriteToXlFile" time="1.045" errors="0" timestamp="2025-10-09T14:25:57 IST" skipped="0">
  <testcase classname="com.session.WriteToXlFile" name="writeData" time="1.045"/>
</testsuite> <!-- com.session.WriteToXlFile -->
