<?xml version="1.0" encoding="UTF-8"?>
<!-- Generated by org.testng.reporters.JUnitReportReporter -->
<testsuite hostname="LTIN679173" failures="0" tests="1" name="testng_sessions.LoginTest1" time="2.403" errors="0" timestamp="2025-10-07T10:52:42 IST" skipped="0">
  <testcase classname="testng_sessions.LoginTest1" name="login" time="2.403"/>
</testsuite> <!-- testng_sessions.LoginTest1 -->
