<?xml version="1.0" encoding="UTF-8"?>
<!-- Generated by org.testng.reporters.JUnitReportReporter -->
<testsuite hostname="LTIN679173" failures="0" tests="1" name="com.session.LoginTest" time="3.433" errors="0" timestamp="2025-10-09T14:52:11 IST" skipped="0">
  <testcase classname="com.session.LoginTest" name="loginTest" time="3.433"/>
</testsuite> <!-- com.session.LoginTest -->
